
> frontend@0.1.0 start /Users/wlam/Desktop/Isaac/Coding/IB CS/stockMLPredictorIA/frontend
> react-scripts start

[34mℹ[39m [90m｢wds｣[39m: Project is running at http://10.0.48.170/
[34mℹ[39m [90m｢wds｣[39m: webpack output is served from 
[34mℹ[39m [90m｢wds｣[39m: Content not from webpack is served from /Users/wlam/Desktop/Isaac/Coding/IB CS/stockMLPredictorIA/frontend/public
[34mℹ[39m [90m｢wds｣[39m: 404s will fallback to /
Starting the development server...

Compiled with warnings.

src/components/GraphTab.js
  Line 3:42:  'Icon' is defined but never used                                                                                                  no-unused-vars
  Line 7:8:   'axios' is defined but never used                                                                                                 no-unused-vars
  Line 44:6:  React Hook React.useCallback has a missing dependency: 'props.availableStocks'. Either include it or remove the dependency array  react-hooks/exhaustive-deps

src/components/StockListing.js
  Line 2:43:  'Segment' is defined but never used  no-unused-vars

Search for the keywords to learn more about each warning.
To ignore, add // eslint-disable-next-line to the line before.

Compiling...
Compiled with warnings.

src/components/GraphTab.js
  Line 3:42:  'Icon' is defined but never used                                                                                                  no-unused-vars
  Line 7:8:   'axios' is defined but never used                                                                                                 no-unused-vars
  Line 44:6:  React Hook React.useCallback has a missing dependency: 'props.availableStocks'. Either include it or remove the dependency array  react-hooks/exhaustive-deps

src/components/StockListing.js
  Line 2:43:  'Segment' is defined but never used  no-unused-vars

Search for the keywords to learn more about each warning.
To ignore, add // eslint-disable-next-line to the line before.

Compiling...
Compiled with warnings.

src/components/GraphTab.js
  Line 3:42:  'Icon' is defined but never used                                                                                                  no-unused-vars
  Line 7:8:   'axios' is defined but never used                                                                                                 no-unused-vars
  Line 44:6:  React Hook React.useCallback has a missing dependency: 'props.availableStocks'. Either include it or remove the dependency array  react-hooks/exhaustive-deps

src/components/StockListing.js
  Line 2:43:  'Segment' is defined but never used  no-unused-vars

Search for the keywords to learn more about each warning.
To ignore, add // eslint-disable-next-line to the line before.

Compiling...
Compiled with warnings.

src/components/GraphTab.js
  Line 3:42:  'Icon' is defined but never used                                                                                                  no-unused-vars
  Line 7:8:   'axios' is defined but never used                                                                                                 no-unused-vars
  Line 44:6:  React Hook React.useCallback has a missing dependency: 'props.availableStocks'. Either include it or remove the dependency array  react-hooks/exhaustive-deps

src/components/StockListing.js
  Line 2:43:  'Segment' is defined but never used  no-unused-vars

Search for the keywords to learn more about each warning.
To ignore, add // eslint-disable-next-line to the line before.

Compiling...
Compiled with warnings.

src/components/GraphTab.js
  Line 3:42:  'Icon' is defined but never used                                                                                                  no-unused-vars
  Line 7:8:   'axios' is defined but never used                                                                                                 no-unused-vars
  Line 44:6:  React Hook React.useCallback has a missing dependency: 'props.availableStocks'. Either include it or remove the dependency array  react-hooks/exhaustive-deps

src/components/StockListing.js
  Line 2:43:  'Segment' is defined but never used  no-unused-vars

Search for the keywords to learn more about each warning.
To ignore, add // eslint-disable-next-line to the line before.

Compiling...
Compiled with warnings.

src/components/GraphTab.js
  Line 3:42:  'Icon' is defined but never used                                                                                                  no-unused-vars
  Line 7:8:   'axios' is defined but never used                                                                                                 no-unused-vars
  Line 44:6:  React Hook React.useCallback has a missing dependency: 'props.availableStocks'. Either include it or remove the dependency array  react-hooks/exhaustive-deps

src/components/StockListing.js
  Line 2:43:  'Segment' is defined but never used  no-unused-vars

Search for the keywords to learn more about each warning.
To ignore, add // eslint-disable-next-line to the line before.

Compiling...
Compiled with warnings.

src/components/GraphTab.js
  Line 3:42:  'Icon' is defined but never used                                                                                                  no-unused-vars
  Line 7:8:   'axios' is defined but never used                                                                                                 no-unused-vars
  Line 44:6:  React Hook React.useCallback has a missing dependency: 'props.availableStocks'. Either include it or remove the dependency array  react-hooks/exhaustive-deps

src/components/StockListing.js
  Line 2:43:  'Segment' is defined but never used  no-unused-vars

Search for the keywords to learn more about each warning.
To ignore, add // eslint-disable-next-line to the line before.

Compiling...
Compiled with warnings.

src/components/GraphTab.js
  Line 3:42:  'Icon' is defined but never used                                                                                                  no-unused-vars
  Line 7:8:   'axios' is defined but never used                                                                                                 no-unused-vars
  Line 44:6:  React Hook React.useCallback has a missing dependency: 'props.availableStocks'. Either include it or remove the dependency array  react-hooks/exhaustive-deps

src/components/StockListing.js
  Line 2:43:  'Segment' is defined but never used  no-unused-vars

Search for the keywords to learn more about each warning.
To ignore, add // eslint-disable-next-line to the line before.

Compiling...
Compiled with warnings.

src/components/GraphTab.js
  Line 3:42:  'Icon' is defined but never used                                                                                                  no-unused-vars
  Line 7:8:   'axios' is defined but never used                                                                                                 no-unused-vars
  Line 44:6:  React Hook React.useCallback has a missing dependency: 'props.availableStocks'. Either include it or remove the dependency array  react-hooks/exhaustive-deps

src/components/StockListing.js
  Line 2:43:  'Segment' is defined but never used  no-unused-vars

Search for the keywords to learn more about each warning.
To ignore, add // eslint-disable-next-line to the line before.

Compiling...
Failed to compile.

src/components/StockListing.js
  Line 40:16:  'Dimmer' is not defined  react/jsx-no-undef

Search for the keywords to learn more about each error.
Compiling...
Compiled with warnings.

src/components/GraphTab.js
  Line 3:42:  'Icon' is defined but never used                                                                                                  no-unused-vars
  Line 7:8:   'axios' is defined but never used                                                                                                 no-unused-vars
  Line 44:6:  React Hook React.useCallback has a missing dependency: 'props.availableStocks'. Either include it or remove the dependency array  react-hooks/exhaustive-deps

src/components/StockListing.js
  Line 2:43:  'Segment' is defined but never used  no-unused-vars

Search for the keywords to learn more about each warning.
To ignore, add // eslint-disable-next-line to the line before.

Compiling...
Compiled with warnings.

src/components/GraphTab.js
  Line 3:42:  'Icon' is defined but never used                                                                                                  no-unused-vars
  Line 7:8:   'axios' is defined but never used                                                                                                 no-unused-vars
  Line 44:6:  React Hook React.useCallback has a missing dependency: 'props.availableStocks'. Either include it or remove the dependency array  react-hooks/exhaustive-deps

src/components/StockListing.js
  Line 2:28:  'Loader' is defined but never used   no-unused-vars
  Line 2:43:  'Segment' is defined but never used  no-unused-vars
  Line 2:60:  'Dimmer' is defined but never used   no-unused-vars

Search for the keywords to learn more about each warning.
To ignore, add // eslint-disable-next-line to the line before.

Compiling...
Compiled with warnings.

src/components/GraphTab.js
  Line 3:42:  'Icon' is defined but never used                                                                                                  no-unused-vars
  Line 7:8:   'axios' is defined but never used                                                                                                 no-unused-vars
  Line 44:6:  React Hook React.useCallback has a missing dependency: 'props.availableStocks'. Either include it or remove the dependency array  react-hooks/exhaustive-deps

src/components/StockListing.js
  Line 2:43:  'Segment' is defined but never used  no-unused-vars
  Line 2:60:  'Dimmer' is defined but never used   no-unused-vars

Search for the keywords to learn more about each warning.
To ignore, add // eslint-disable-next-line to the line before.

Compiling...
Compiled with warnings.

src/components/GraphTab.js
  Line 3:42:  'Icon' is defined but never used                                                                                                  no-unused-vars
  Line 7:8:   'axios' is defined but never used                                                                                                 no-unused-vars
  Line 44:6:  React Hook React.useCallback has a missing dependency: 'props.availableStocks'. Either include it or remove the dependency array  react-hooks/exhaustive-deps

src/components/StockListing.js
  Line 2:28:  'Loader' is defined but never used  no-unused-vars
  Line 2:60:  'Dimmer' is defined but never used  no-unused-vars

Search for the keywords to learn more about each warning.
To ignore, add // eslint-disable-next-line to the line before.

Compiling...
Compiled with warnings.

src/components/GraphTab.js
  Line 3:42:  'Icon' is defined but never used                                                                                                  no-unused-vars
  Line 7:8:   'axios' is defined but never used                                                                                                 no-unused-vars
  Line 44:6:  React Hook React.useCallback has a missing dependency: 'props.availableStocks'. Either include it or remove the dependency array  react-hooks/exhaustive-deps

Search for the keywords to learn more about each warning.
To ignore, add // eslint-disable-next-line to the line before.

Compiling...
Compiled with warnings.

src/components/GraphTab.js
  Line 3:42:  'Icon' is defined but never used                                                                                                  no-unused-vars
  Line 7:8:   'axios' is defined but never used                                                                                                 no-unused-vars
  Line 44:6:  React Hook React.useCallback has a missing dependency: 'props.availableStocks'. Either include it or remove the dependency array  react-hooks/exhaustive-deps

Search for the keywords to learn more about each warning.
To ignore, add // eslint-disable-next-line to the line before.

Compiling...
Compiled with warnings.

src/components/GraphTab.js
  Line 3:42:  'Icon' is defined but never used                                                                                                  no-unused-vars
  Line 7:8:   'axios' is defined but never used                                                                                                 no-unused-vars
  Line 44:6:  React Hook React.useCallback has a missing dependency: 'props.availableStocks'. Either include it or remove the dependency array  react-hooks/exhaustive-deps

Search for the keywords to learn more about each warning.
To ignore, add // eslint-disable-next-line to the line before.

Compiling...
Compiled with warnings.

src/components/GraphTab.js
  Line 3:42:  'Icon' is defined but never used                                                                                                  no-unused-vars
  Line 7:8:   'axios' is defined but never used                                                                                                 no-unused-vars
  Line 44:6:  React Hook React.useCallback has a missing dependency: 'props.availableStocks'. Either include it or remove the dependency array  react-hooks/exhaustive-deps

Search for the keywords to learn more about each warning.
To ignore, add // eslint-disable-next-line to the line before.

Compiling...
Compiled with warnings.

src/components/GraphTab.js
  Line 3:42:  'Icon' is defined but never used                                                                                                  no-unused-vars
  Line 7:8:   'axios' is defined but never used                                                                                                 no-unused-vars
  Line 44:6:  React Hook React.useCallback has a missing dependency: 'props.availableStocks'. Either include it or remove the dependency array  react-hooks/exhaustive-deps

Search for the keywords to learn more about each warning.
To ignore, add // eslint-disable-next-line to the line before.

Compiling...
Compiled with warnings.

src/components/GraphTab.js
  Line 3:42:  'Icon' is defined but never used                                                                                                  no-unused-vars
  Line 7:8:   'axios' is defined but never used                                                                                                 no-unused-vars
  Line 44:6:  React Hook React.useCallback has a missing dependency: 'props.availableStocks'. Either include it or remove the dependency array  react-hooks/exhaustive-deps

Search for the keywords to learn more about each warning.
To ignore, add // eslint-disable-next-line to the line before.

Compiling...
Compiled with warnings.

src/components/GraphTab.js
  Line 3:42:  'Icon' is defined but never used                                                                                                  no-unused-vars
  Line 7:8:   'axios' is defined but never used                                                                                                 no-unused-vars
  Line 44:6:  React Hook React.useCallback has a missing dependency: 'props.availableStocks'. Either include it or remove the dependency array  react-hooks/exhaustive-deps

Search for the keywords to learn more about each warning.
To ignore, add // eslint-disable-next-line to the line before.

Compiling...
Compiled with warnings.

src/components/GraphTab.js
  Line 3:42:  'Icon' is defined but never used                                                                                                  no-unused-vars
  Line 7:8:   'axios' is defined but never used                                                                                                 no-unused-vars
  Line 44:6:  React Hook React.useCallback has a missing dependency: 'props.availableStocks'. Either include it or remove the dependency array  react-hooks/exhaustive-deps

Search for the keywords to learn more about each warning.
To ignore, add // eslint-disable-next-line to the line before.

Compiling...
Compiled with warnings.

src/components/GraphTab.js
  Line 3:42:  'Icon' is defined but never used                                                                                                  no-unused-vars
  Line 7:8:   'axios' is defined but never used                                                                                                 no-unused-vars
  Line 44:6:  React Hook React.useCallback has a missing dependency: 'props.availableStocks'. Either include it or remove the dependency array  react-hooks/exhaustive-deps

Search for the keywords to learn more about each warning.
To ignore, add // eslint-disable-next-line to the line before.

Compiling...
Compiled with warnings.

src/components/GraphTab.js
  Line 3:42:  'Icon' is defined but never used                                                                                                  no-unused-vars
  Line 7:8:   'axios' is defined but never used                                                                                                 no-unused-vars
  Line 44:6:  React Hook React.useCallback has a missing dependency: 'props.availableStocks'. Either include it or remove the dependency array  react-hooks/exhaustive-deps

Search for the keywords to learn more about each warning.
To ignore, add // eslint-disable-next-line to the line before.

Compiling...
Compiled with warnings.

src/components/GraphTab.js
  Line 3:42:  'Icon' is defined but never used                                                                                                  no-unused-vars
  Line 7:8:   'axios' is defined but never used                                                                                                 no-unused-vars
  Line 44:6:  React Hook React.useCallback has a missing dependency: 'props.availableStocks'. Either include it or remove the dependency array  react-hooks/exhaustive-deps

Search for the keywords to learn more about each warning.
To ignore, add // eslint-disable-next-line to the line before.

Compiling...
Compiled with warnings.

src/components/GraphTab.js
  Line 3:42:  'Icon' is defined but never used                                                                                                  no-unused-vars
  Line 7:8:   'axios' is defined but never used                                                                                                 no-unused-vars
  Line 44:6:  React Hook React.useCallback has a missing dependency: 'props.availableStocks'. Either include it or remove the dependency array  react-hooks/exhaustive-deps

Search for the keywords to learn more about each warning.
To ignore, add // eslint-disable-next-line to the line before.

Compiling...
Compiled with warnings.

src/components/GraphTab.js
  Line 3:42:  'Icon' is defined but never used                                                                                                  no-unused-vars
  Line 7:8:   'axios' is defined but never used                                                                                                 no-unused-vars
  Line 44:6:  React Hook React.useCallback has a missing dependency: 'props.availableStocks'. Either include it or remove the dependency array  react-hooks/exhaustive-deps

Search for the keywords to learn more about each warning.
To ignore, add // eslint-disable-next-line to the line before.

Compiling...
Compiled with warnings.

src/components/GraphTab.js
  Line 3:42:  'Icon' is defined but never used                                                                                                  no-unused-vars
  Line 7:8:   'axios' is defined but never used                                                                                                 no-unused-vars
  Line 44:6:  React Hook React.useCallback has a missing dependency: 'props.availableStocks'. Either include it or remove the dependency array  react-hooks/exhaustive-deps

Search for the keywords to learn more about each warning.
To ignore, add // eslint-disable-next-line to the line before.

Compiling...
Failed to compile.

src/components/StockListing.js
Syntax error: JSX value should be either an expression or a quoted JSX text (204:37)

  202 |                   <StockListingRow columns={4}>
  203 |                     <Grid.Column width={3}>
> 204 |                       <Icon color = #B84D46 name = 'minus' size = 'large'/>
      |                                     ^
  205 |                     </Grid.Column>
  206 |                     <Grid.Column width={4}>
  207 |                       {this.props.symbol}
Compiling...
Compiled with warnings.

src/components/GraphTab.js
  Line 3:42:  'Icon' is defined but never used                                                                                                  no-unused-vars
  Line 7:8:   'axios' is defined but never used                                                                                                 no-unused-vars
  Line 44:6:  React Hook React.useCallback has a missing dependency: 'props.availableStocks'. Either include it or remove the dependency array  react-hooks/exhaustive-deps

Search for the keywords to learn more about each warning.
To ignore, add // eslint-disable-next-line to the line before.

Compiling...
Compiled with warnings.

src/components/GraphTab.js
  Line 3:42:  'Icon' is defined but never used                                                                                                  no-unused-vars
  Line 7:8:   'axios' is defined but never used                                                                                                 no-unused-vars
  Line 44:6:  React Hook React.useCallback has a missing dependency: 'props.availableStocks'. Either include it or remove the dependency array  react-hooks/exhaustive-deps

Search for the keywords to learn more about each warning.
To ignore, add // eslint-disable-next-line to the line before.

Compiling...
Compiled with warnings.

src/components/GraphTab.js
  Line 3:42:  'Icon' is defined but never used                                                                                                  no-unused-vars
  Line 7:8:   'axios' is defined but never used                                                                                                 no-unused-vars
  Line 44:6:  React Hook React.useCallback has a missing dependency: 'props.availableStocks'. Either include it or remove the dependency array  react-hooks/exhaustive-deps

Search for the keywords to learn more about each warning.
To ignore, add // eslint-disable-next-line to the line before.

Compiling...
Compiled with warnings.

src/components/GraphTab.js
  Line 3:42:  'Icon' is defined but never used                                                                                                  no-unused-vars
  Line 7:8:   'axios' is defined but never used                                                                                                 no-unused-vars
  Line 44:6:  React Hook React.useCallback has a missing dependency: 'props.availableStocks'. Either include it or remove the dependency array  react-hooks/exhaustive-deps

Search for the keywords to learn more about each warning.
To ignore, add // eslint-disable-next-line to the line before.

Compiling...
Compiled with warnings.

src/components/GraphTab.js
  Line 3:42:  'Icon' is defined but never used                                                                                                  no-unused-vars
  Line 7:8:   'axios' is defined but never used                                                                                                 no-unused-vars
  Line 44:6:  React Hook React.useCallback has a missing dependency: 'props.availableStocks'. Either include it or remove the dependency array  react-hooks/exhaustive-deps

Search for the keywords to learn more about each warning.
To ignore, add // eslint-disable-next-line to the line before.

Compiling...
Compiled with warnings.

src/components/Graph.js
  Line 24:22:  'this' is not allowed before 'super()'  no-this-before-super
  Line 30:19:  'this' is not allowed before 'super()'  no-this-before-super

src/components/GraphTab.js
  Line 3:42:  'Icon' is defined but never used                                                                                                  no-unused-vars
  Line 7:8:   'axios' is defined but never used                                                                                                 no-unused-vars
  Line 44:6:  React Hook React.useCallback has a missing dependency: 'props.availableStocks'. Either include it or remove the dependency array  react-hooks/exhaustive-deps

Search for the keywords to learn more about each warning.
To ignore, add // eslint-disable-next-line to the line before.

Compiling...
Compiled with warnings.

src/components/GraphTab.js
  Line 3:42:  'Icon' is defined but never used                                                                                                  no-unused-vars
  Line 7:8:   'axios' is defined but never used                                                                                                 no-unused-vars
  Line 44:6:  React Hook React.useCallback has a missing dependency: 'props.availableStocks'. Either include it or remove the dependency array  react-hooks/exhaustive-deps

Search for the keywords to learn more about each warning.
To ignore, add // eslint-disable-next-line to the line before.

Compiling...
Failed to compile.

src/components/Graph.js
  Line 29:15:  'myChartRef' is not defined  no-undef

Search for the keywords to learn more about each error.
Compiling...
Failed to compile.

src/components/Graph.js
  Line 28:15:  'myChartRef' is not defined  no-undef

Search for the keywords to learn more about each error.
Compiling...
Compiled with warnings.

src/components/GraphTab.js
  Line 3:42:  'Icon' is defined but never used                                                                                                  no-unused-vars
  Line 7:8:   'axios' is defined but never used                                                                                                 no-unused-vars
  Line 44:6:  React Hook React.useCallback has a missing dependency: 'props.availableStocks'. Either include it or remove the dependency array  react-hooks/exhaustive-deps

Search for the keywords to learn more about each warning.
To ignore, add // eslint-disable-next-line to the line before.

Compiling...
Compiled with warnings.

src/components/GraphTab.js
  Line 3:42:  'Icon' is defined but never used                                                                                                  no-unused-vars
  Line 7:8:   'axios' is defined but never used                                                                                                 no-unused-vars
  Line 44:6:  React Hook React.useCallback has a missing dependency: 'props.availableStocks'. Either include it or remove the dependency array  react-hooks/exhaustive-deps

Search for the keywords to learn more about each warning.
To ignore, add // eslint-disable-next-line to the line before.

Compiling...
Failed to compile.

src/components/Graph.js
  Line 10:5:  'Chart' is not defined  no-undef
  Line 26:9:  'Chart' is not defined  no-undef

Search for the keywords to learn more about each error.
Compiling...
Compiled with warnings.

src/components/GraphTab.js
  Line 3:42:  'Icon' is defined but never used                                                                                                  no-unused-vars
  Line 7:8:   'axios' is defined but never used                                                                                                 no-unused-vars
  Line 44:6:  React Hook React.useCallback has a missing dependency: 'props.availableStocks'. Either include it or remove the dependency array  react-hooks/exhaustive-deps

Search for the keywords to learn more about each warning.
To ignore, add // eslint-disable-next-line to the line before.

Compiling...
Compiled with warnings.

src/components/GraphTab.js
  Line 3:42:  'Icon' is defined but never used                                                                                                  no-unused-vars
  Line 7:8:   'axios' is defined but never used                                                                                                 no-unused-vars
  Line 44:6:  React Hook React.useCallback has a missing dependency: 'props.availableStocks'. Either include it or remove the dependency array  react-hooks/exhaustive-deps

Search for the keywords to learn more about each warning.
To ignore, add // eslint-disable-next-line to the line before.

Compiling...
Compiled with warnings.

src/components/GraphTab.js
  Line 3:42:  'Icon' is defined but never used                                                                                                  no-unused-vars
  Line 7:8:   'axios' is defined but never used                                                                                                 no-unused-vars
  Line 44:6:  React Hook React.useCallback has a missing dependency: 'props.availableStocks'. Either include it or remove the dependency array  react-hooks/exhaustive-deps

Search for the keywords to learn more about each warning.
To ignore, add // eslint-disable-next-line to the line before.

Compiling...
Compiled with warnings.

src/components/GraphTab.js
  Line 3:42:  'Icon' is defined but never used                                                                                                  no-unused-vars
  Line 7:8:   'axios' is defined but never used                                                                                                 no-unused-vars
  Line 44:6:  React Hook React.useCallback has a missing dependency: 'props.availableStocks'. Either include it or remove the dependency array  react-hooks/exhaustive-deps

Search for the keywords to learn more about each warning.
To ignore, add // eslint-disable-next-line to the line before.

Compiling...
Compiled with warnings.

src/components/GraphTab.js
  Line 3:42:  'Icon' is defined but never used                                                                                                  no-unused-vars
  Line 7:8:   'axios' is defined but never used                                                                                                 no-unused-vars
  Line 44:6:  React Hook React.useCallback has a missing dependency: 'props.availableStocks'. Either include it or remove the dependency array  react-hooks/exhaustive-deps

Search for the keywords to learn more about each warning.
To ignore, add // eslint-disable-next-line to the line before.

Compiling...
Compiled with warnings.

src/components/GraphTab.js
  Line 3:42:  'Icon' is defined but never used                                                                                                  no-unused-vars
  Line 7:8:   'axios' is defined but never used                                                                                                 no-unused-vars
  Line 44:6:  React Hook React.useCallback has a missing dependency: 'props.availableStocks'. Either include it or remove the dependency array  react-hooks/exhaustive-deps

Search for the keywords to learn more about each warning.
To ignore, add // eslint-disable-next-line to the line before.

Compiling...
Compiled with warnings.

src/components/GraphTab.js
  Line 3:42:  'Icon' is defined but never used                                                                                                  no-unused-vars
  Line 7:8:   'axios' is defined but never used                                                                                                 no-unused-vars
  Line 44:6:  React Hook React.useCallback has a missing dependency: 'props.availableStocks'. Either include it or remove the dependency array  react-hooks/exhaustive-deps

Search for the keywords to learn more about each warning.
To ignore, add // eslint-disable-next-line to the line before.

Compiling...
Compiled with warnings.

src/components/GraphTab.js
  Line 3:42:  'Icon' is defined but never used                                                                                                  no-unused-vars
  Line 7:8:   'axios' is defined but never used                                                                                                 no-unused-vars
  Line 44:6:  React Hook React.useCallback has a missing dependency: 'props.availableStocks'. Either include it or remove the dependency array  react-hooks/exhaustive-deps

Search for the keywords to learn more about each warning.
To ignore, add // eslint-disable-next-line to the line before.

Compiling...
Failed to compile.

src/components/Graph.js
  Line 16:36:  'Utils' is not defined  no-undef
  Line 16:57:  'Utils' is not defined  no-undef

Search for the keywords to learn more about each error.
Compiling...
Compiled with warnings.

src/components/GraphTab.js
  Line 3:42:  'Icon' is defined but never used                                                                                                  no-unused-vars
  Line 7:8:   'axios' is defined but never used                                                                                                 no-unused-vars
  Line 44:6:  React Hook React.useCallback has a missing dependency: 'props.availableStocks'. Either include it or remove the dependency array  react-hooks/exhaustive-deps

Search for the keywords to learn more about each warning.
To ignore, add // eslint-disable-next-line to the line before.

Compiling...
Failed to compile.

src/components/Graph.js
Syntax error: Unexpected token (35:17)

  33 |                   borderWidth: 2,
  34 |                   data:
> 35 |                 }
     |                 ^
  36 |               )
  37 |             })
  38 |           }}
Compiling...
Failed to compile.

src/components/Graph.js
Syntax error: Unexpected token (17:5)

  15 |     for (stock of this.props.stocks) {
  16 |       stock.
> 17 |     }
     |     ^
  18 |
  19 |     axios
  20 |       .get("api/get-stock-day-bar/" + this.props.symbol + "/")
Compiling...
Failed to compile.

src/components/Graph.js
Syntax error: Unexpected token (17:5)

  15 |     for (stock of this.props.stocks) {
  16 |       stock.
> 17 |     }
     |     ^
  18 |
  19 |     axios
  20 |       .get("api/get-stock-day-bar/" + this.props.symbol + "/")
Compiling...
Failed to compile.

src/components/Graph.js
Syntax error: Unexpected token (38:17)

  36 |                   borderWidth: 2,
  37 |                   data:
> 38 |                 }
     |                 ^
  39 |               )
  40 |             })
  41 |           }}
Compiling...
Failed to compile.

src/components/Graph.js
Syntax error: Unexpected token (38:17)

  36 |                   borderWidth: 2,
  37 |                   data:
> 38 |                 }
     |                 ^
  39 |               )
  40 |             })
  41 |           }}
Compiling...
Failed to compile.

src/components/Graph.js
Syntax error: Unexpected token (40:17)

  38 |                   borderWidth: 2,
  39 |                   data:
> 40 |                 }
     |                 ^
  41 |               )
  42 |             })
  43 |           }}
Compiling...
Failed to compile.

src/components/Graph.js
Syntax error: Unexpected token (38:17)

  36 |                   borderWidth: 2,
  37 |                   data:
> 38 |                 }
     |                 ^
  39 |               )
  40 |             })
  41 |           }}
Compiling...
Failed to compile.

src/components/Graph.js
Syntax error: Unexpected token (37:17)

  35 |                   borderWidth: 2,
  36 |                   data:
> 37 |                 }
     |                 ^
  38 |               )
  39 |             })
  40 |           }}
Compiling...
Failed to compile.

src/components/Graph.js
Syntax error: Unexpected token, expected "," (18:31)

  16 |         .get("api/get-stock-day-bar/" + stock.symbol + "/")
  17 |         .then((res) => {
> 18 |           this.setState({stock.symbol: res.data})
     |                               ^
  19 |         })
  20 |         .catch((err) => console.log(err))
  21 |     }
Compiling...
Failed to compile.

src/components/Graph.js
Syntax error: Unexpected token, expected "," (18:31)

  16 |         .get("api/get-stock-day-bar/" + stock.symbol + "/")
  17 |         .then((res) => {
> 18 |           this.setState({stock.symbol: res.data})
     |                               ^
  19 |         })
  20 |         .catch((err) => console.log(err))
  21 |     }
Compiling...
Failed to compile.

src/components/Graph.js
  Line 14:10:  'stock' is not defined  no-undef
  Line 15:7:   'axios' is not defined  no-undef
  Line 16:41:  'stock' is not defined  no-undef
  Line 18:27:  'stock' is not defined  no-undef

Search for the keywords to learn more about each error.
Compiling...
Failed to compile.

src/components/Graph.js
  Line 14:10:  'stock' is not defined  no-undef
  Line 15:7:   'axios' is not defined  no-undef
  Line 16:41:  'stock' is not defined  no-undef
  Line 18:27:  'stock' is not defined  no-undef

Search for the keywords to learn more about each error.
Compiling...
Failed to compile.

src/components/Graph.js
  Line 14:10:  'stock' is not defined  no-undef
  Line 15:7:   'axios' is not defined  no-undef
  Line 16:41:  'stock' is not defined  no-undef
  Line 18:27:  'stock' is not defined  no-undef

Search for the keywords to learn more about each error.
Compiling...
Failed to compile.

src/components/Graph.js
  Line 17:10:  'stock' is not defined  no-undef
  Line 19:41:  'stock' is not defined  no-undef
  Line 21:27:  'stock' is not defined  no-undef

Search for the keywords to learn more about each error.
Compiling...
Compiled with warnings.

src/components/Graph.js
  Line 20:15:  Function declared in a loop contains unsafe references to variable(s) 'stock'  no-loop-func

src/components/GraphTab.js
  Line 3:42:  'Icon' is defined but never used                                                                                                  no-unused-vars
  Line 7:8:   'axios' is defined but never used                                                                                                 no-unused-vars
  Line 44:6:  React Hook React.useCallback has a missing dependency: 'props.availableStocks'. Either include it or remove the dependency array  react-hooks/exhaustive-deps

Search for the keywords to learn more about each warning.
To ignore, add // eslint-disable-next-line to the line before.

Compiling...
Compiled with warnings.

src/components/GraphTab.js
  Line 3:42:  'Icon' is defined but never used                                                                                                  no-unused-vars
  Line 7:8:   'axios' is defined but never used                                                                                                 no-unused-vars
  Line 44:6:  React Hook React.useCallback has a missing dependency: 'props.availableStocks'. Either include it or remove the dependency array  react-hooks/exhaustive-deps

Search for the keywords to learn more about each warning.
To ignore, add // eslint-disable-next-line to the line before.

Compiling...
Compiled with warnings.

src/components/GraphTab.js
  Line 3:42:  'Icon' is defined but never used                                                                                                  no-unused-vars
  Line 7:8:   'axios' is defined but never used                                                                                                 no-unused-vars
  Line 44:6:  React Hook React.useCallback has a missing dependency: 'props.availableStocks'. Either include it or remove the dependency array  react-hooks/exhaustive-deps

Search for the keywords to learn more about each warning.
To ignore, add // eslint-disable-next-line to the line before.

Compiling...
Compiled with warnings.

src/components/Graph.js
  Line 13:15:  Function declared in a loop contains unsafe references to variable(s) 'data'  no-loop-func
  Line 14:11:  'data' is assigned a value but never used                                     no-unused-vars

src/components/GraphTab.js
  Line 3:42:  'Icon' is defined but never used                                                                                                  no-unused-vars
  Line 7:8:   'axios' is defined but never used                                                                                                 no-unused-vars
  Line 44:6:  React Hook React.useCallback has a missing dependency: 'props.availableStocks'. Either include it or remove the dependency array  react-hooks/exhaustive-deps

Search for the keywords to learn more about each warning.
To ignore, add // eslint-disable-next-line to the line before.

Compiling...
Compiled with warnings.

src/components/Graph.js
  Line 13:15:  Function declared in a loop contains unsafe references to variable(s) 'data'  no-loop-func
  Line 14:11:  'data' is assigned a value but never used                                     no-unused-vars

src/components/GraphTab.js
  Line 3:42:  'Icon' is defined but never used                                                                                                  no-unused-vars
  Line 7:8:   'axios' is defined but never used                                                                                                 no-unused-vars
  Line 44:6:  React Hook React.useCallback has a missing dependency: 'props.availableStocks'. Either include it or remove the dependency array  react-hooks/exhaustive-deps

Search for the keywords to learn more about each warning.
To ignore, add // eslint-disable-next-line to the line before.

Compiling...
Compiled with warnings.

src/components/Graph.js
  Line 13:15:  Function declared in a loop contains unsafe references to variable(s) 'data'  no-loop-func
  Line 14:11:  'data' is assigned a value but never used                                     no-unused-vars

src/components/GraphTab.js
  Line 3:42:  'Icon' is defined but never used                                                                                                  no-unused-vars
  Line 7:8:   'axios' is defined but never used                                                                                                 no-unused-vars
  Line 44:6:  React Hook React.useCallback has a missing dependency: 'props.availableStocks'. Either include it or remove the dependency array  react-hooks/exhaustive-deps

Search for the keywords to learn more about each warning.
To ignore, add // eslint-disable-next-line to the line before.

Compiling...
Compiled with warnings.

src/components/Graph.js
  Line 13:15:  Function declared in a loop contains unsafe references to variable(s) 'data'  no-loop-func

src/components/GraphTab.js
  Line 3:42:  'Icon' is defined but never used                                                                                                  no-unused-vars
  Line 7:8:   'axios' is defined but never used                                                                                                 no-unused-vars
  Line 44:6:  React Hook React.useCallback has a missing dependency: 'props.availableStocks'. Either include it or remove the dependency array  react-hooks/exhaustive-deps

Search for the keywords to learn more about each warning.
To ignore, add // eslint-disable-next-line to the line before.

Compiling...
Failed to compile.

src/components/Graph.js
  Line 23:26:  'stock' is not defined  no-undef

Search for the keywords to learn more about each error.
Compiling...
Compiled with warnings.

src/components/Graph.js
  Line 13:15:  Function declared in a loop contains unsafe references to variable(s) 'data'  no-loop-func

src/components/GraphTab.js
  Line 3:42:  'Icon' is defined but never used                                                                                                  no-unused-vars
  Line 7:8:   'axios' is defined but never used                                                                                                 no-unused-vars
  Line 44:6:  React Hook React.useCallback has a missing dependency: 'props.availableStocks'. Either include it or remove the dependency array  react-hooks/exhaustive-deps

Search for the keywords to learn more about each warning.
To ignore, add // eslint-disable-next-line to the line before.

Compiling...
Compiled with warnings.

src/components/Graph.js
  Line 13:15:  Function declared in a loop contains unsafe references to variable(s) 'data'  no-loop-func

src/components/GraphTab.js
  Line 3:42:  'Icon' is defined but never used                                                                                                  no-unused-vars
  Line 7:8:   'axios' is defined but never used                                                                                                 no-unused-vars
  Line 44:6:  React Hook React.useCallback has a missing dependency: 'props.availableStocks'. Either include it or remove the dependency array  react-hooks/exhaustive-deps

Search for the keywords to learn more about each warning.
To ignore, add // eslint-disable-next-line to the line before.

Compiling...
Failed to compile.

src/components/Graph.js
  Line 19:11:  'data' is not defined  no-undef
  Line 31:21:  'data' is not defined  no-undef
  Line 40:25:  'data' is not defined  no-undef

Search for the keywords to learn more about each error.
Compiling...
Failed to compile.

src/components/Graph.js
  Line 31:21:  'data' is not defined  no-undef
  Line 40:25:  'data' is not defined  no-undef

Search for the keywords to learn more about each error.
Compiling...
Failed to compile.

src/components/Graph.js
  Line 27:9:   'loading' is not defined  no-undef
  Line 38:21:  'data' is not defined     no-undef
  Line 47:25:  'data' is not defined     no-undef

Search for the keywords to learn more about each error.
Compiling...
Failed to compile.

src/components/Graph.js
  Line 27:9:   'loading' is not defined  no-undef
  Line 38:21:  'data' is not defined     no-undef
  Line 47:25:  'data' is not defined     no-undef

Search for the keywords to learn more about each error.
Compiling...
Failed to compile.

src/components/Graph.js
  Line 38:21:  'data' is not defined  no-undef
  Line 47:25:  'data' is not defined  no-undef

Search for the keywords to learn more about each error.
Compiling...
Failed to compile.

src/components/Graph.js
  Line 38:21:  'thist' is not defined  no-undef
  Line 47:25:  'data' is not defined   no-undef

Search for the keywords to learn more about each error.
Compiling...
Compiled with warnings.

src/components/GraphTab.js
  Line 3:42:  'Icon' is defined but never used                                                                                                  no-unused-vars
  Line 7:8:   'axios' is defined but never used                                                                                                 no-unused-vars
  Line 44:6:  React Hook React.useCallback has a missing dependency: 'props.availableStocks'. Either include it or remove the dependency array  react-hooks/exhaustive-deps

Search for the keywords to learn more about each warning.
To ignore, add // eslint-disable-next-line to the line before.

Compiling...
Compiled with warnings.

src/components/GraphTab.js
  Line 3:42:  'Icon' is defined but never used                                                                                                  no-unused-vars
  Line 7:8:   'axios' is defined but never used                                                                                                 no-unused-vars
  Line 44:6:  React Hook React.useCallback has a missing dependency: 'props.availableStocks'. Either include it or remove the dependency array  react-hooks/exhaustive-deps

Search for the keywords to learn more about each warning.
To ignore, add // eslint-disable-next-line to the line before.

Compiling...
Compiled with warnings.

src/components/GraphTab.js
  Line 3:42:  'Icon' is defined but never used                                                                                                  no-unused-vars
  Line 7:8:   'axios' is defined but never used                                                                                                 no-unused-vars
  Line 44:6:  React Hook React.useCallback has a missing dependency: 'props.availableStocks'. Either include it or remove the dependency array  react-hooks/exhaustive-deps

Search for the keywords to learn more about each warning.
To ignore, add // eslint-disable-next-line to the line before.

Compiling...
Compiled with warnings.

src/components/GraphTab.js
  Line 3:42:  'Icon' is defined but never used                                                                                                  no-unused-vars
  Line 7:8:   'axios' is defined but never used                                                                                                 no-unused-vars
  Line 44:6:  React Hook React.useCallback has a missing dependency: 'props.availableStocks'. Either include it or remove the dependency array  react-hooks/exhaustive-deps

Search for the keywords to learn more about each warning.
To ignore, add // eslint-disable-next-line to the line before.

Compiling...
Compiled with warnings.

src/components/GraphTab.js
  Line 3:42:  'Icon' is defined but never used                                                                                                  no-unused-vars
  Line 7:8:   'axios' is defined but never used                                                                                                 no-unused-vars
  Line 44:6:  React Hook React.useCallback has a missing dependency: 'props.availableStocks'. Either include it or remove the dependency array  react-hooks/exhaustive-deps

Search for the keywords to learn more about each warning.
To ignore, add // eslint-disable-next-line to the line before.

Compiling...
Compiled with warnings.

src/components/GraphTab.js
  Line 3:42:  'Icon' is defined but never used                                                                                                  no-unused-vars
  Line 7:8:   'axios' is defined but never used                                                                                                 no-unused-vars
  Line 44:6:  React Hook React.useCallback has a missing dependency: 'props.availableStocks'. Either include it or remove the dependency array  react-hooks/exhaustive-deps

Search for the keywords to learn more about each warning.
To ignore, add // eslint-disable-next-line to the line before.

Compiling...
Compiled with warnings.

src/components/GraphTab.js
  Line 3:42:  'Icon' is defined but never used                                                                                                  no-unused-vars
  Line 7:8:   'axios' is defined but never used                                                                                                 no-unused-vars
  Line 44:6:  React Hook React.useCallback has a missing dependency: 'props.availableStocks'. Either include it or remove the dependency array  react-hooks/exhaustive-deps

Search for the keywords to learn more about each warning.
To ignore, add // eslint-disable-next-line to the line before.

Compiling...
Failed to compile.

src/components/Graph.js
Syntax error: Unexpected token, expected "," (11:7)

   9 |     this.state = {
  10 |       loading: true
> 11 |       data: {}
     |       ^
  12 |     }
  13 |   }
  14 |
Compiling...
Failed to compile.

src/components/Graph.js
Syntax error: Unexpected token, expected "," (11:7)

   9 |     this.state = {
  10 |       loading: true
> 11 |       data: {}
     |       ^
  12 |     }
  13 |   }
  14 |
Compiling...
Failed to compile.

src/components/Graph.js
Syntax error: Unexpected token, expected "," (11:7)

   9 |     this.state = {
  10 |       loading: true
> 11 |       data: {}
     |       ^
  12 |     }
  13 |   }
  14 |
Compiling...
Compiled with warnings.

src/components/GraphTab.js
  Line 3:42:  'Icon' is defined but never used                                                                                                  no-unused-vars
  Line 7:8:   'axios' is defined but never used                                                                                                 no-unused-vars
  Line 44:6:  React Hook React.useCallback has a missing dependency: 'props.availableStocks'. Either include it or remove the dependency array  react-hooks/exhaustive-deps

Search for the keywords to learn more about each warning.
To ignore, add // eslint-disable-next-line to the line before.

Compiling...
Compiled with warnings.

src/components/GraphTab.js
  Line 3:42:  'Icon' is defined but never used                                                                                                  no-unused-vars
  Line 7:8:   'axios' is defined but never used                                                                                                 no-unused-vars
  Line 44:6:  React Hook React.useCallback has a missing dependency: 'props.availableStocks'. Either include it or remove the dependency array  react-hooks/exhaustive-deps

Search for the keywords to learn more about each warning.
To ignore, add // eslint-disable-next-line to the line before.

Compiling...
Compiled with warnings.

src/components/GraphTab.js
  Line 3:42:  'Icon' is defined but never used                                                                                                  no-unused-vars
  Line 7:8:   'axios' is defined but never used                                                                                                 no-unused-vars
  Line 44:6:  React Hook React.useCallback has a missing dependency: 'props.availableStocks'. Either include it or remove the dependency array  react-hooks/exhaustive-deps

Search for the keywords to learn more about each warning.
To ignore, add // eslint-disable-next-line to the line before.

Compiling...
Compiled with warnings.

src/components/GraphTab.js
  Line 3:42:  'Icon' is defined but never used                                                                                                  no-unused-vars
  Line 7:8:   'axios' is defined but never used                                                                                                 no-unused-vars
  Line 44:6:  React Hook React.useCallback has a missing dependency: 'props.availableStocks'. Either include it or remove the dependency array  react-hooks/exhaustive-deps

Search for the keywords to learn more about each warning.
To ignore, add // eslint-disable-next-line to the line before.

Compiling...
Failed to compile.

src/components/Graph.js
  Line 16:5:  'requests' is not defined  no-undef

Search for the keywords to learn more about each error.
Compiling...
Failed to compile.

src/components/Graph.js
  Line 16:5:   'requests' is not defined  no-undef
  Line 18:7:   'requests' is not defined  no-undef
  Line 20:17:  'requests' is not defined  no-undef
  Line 21:7:   Unexpected use of 'print'  no-restricted-globals

Search for the keywords to learn more about each error.
Compiling...
Failed to compile.

src/components/Graph.js
  Line 21:7:  Unexpected use of 'print'  no-restricted-globals

Search for the keywords to learn more about each error.
Compiling...
Compiled with warnings.

src/components/GraphTab.js
  Line 3:42:  'Icon' is defined but never used                                                                                                  no-unused-vars
  Line 7:8:   'axios' is defined but never used                                                                                                 no-unused-vars
  Line 44:6:  React Hook React.useCallback has a missing dependency: 'props.availableStocks'. Either include it or remove the dependency array  react-hooks/exhaustive-deps

Search for the keywords to learn more about each warning.
To ignore, add // eslint-disable-next-line to the line before.

Compiling...
Compiled with warnings.

src/components/GraphTab.js
  Line 3:42:  'Icon' is defined but never used                                                                                                  no-unused-vars
  Line 7:8:   'axios' is defined but never used                                                                                                 no-unused-vars
  Line 44:6:  React Hook React.useCallback has a missing dependency: 'props.availableStocks'. Either include it or remove the dependency array  react-hooks/exhaustive-deps

Search for the keywords to learn more about each warning.
To ignore, add // eslint-disable-next-line to the line before.

Compiling...
Failed to compile.

src/components/Graph.js
  Line 23:7:  Expected an assignment or function call and instead saw an expression  no-unused-expressions
  Line 23:7:  'index' is not defined                                                 no-undef

Search for the keywords to learn more about each error.
Compiling...
Failed to compile.

src/components/Graph.js
  Line 23:7:  Expected an assignment or function call and instead saw an expression  no-unused-expressions
  Line 23:7:  'index' is not defined                                                 no-undef

Search for the keywords to learn more about each error.
Compiling...
Failed to compile.

src/components/Graph.js
  Line 23:7:  Expected an assignment or function call and instead saw an expression  no-unused-expressions
  Line 23:7:  'index' is not defined                                                 no-undef

Search for the keywords to learn more about each error.
Compiling...
Compiled with warnings.

src/components/GraphTab.js
  Line 3:42:  'Icon' is defined but never used                                                                                                  no-unused-vars
  Line 7:8:   'axios' is defined but never used                                                                                                 no-unused-vars
  Line 44:6:  React Hook React.useCallback has a missing dependency: 'props.availableStocks'. Either include it or remove the dependency array  react-hooks/exhaustive-deps

Search for the keywords to learn more about each warning.
To ignore, add // eslint-disable-next-line to the line before.

